[0.428s] Invoking command in '/home/klingjac/AERO740/rotation_visualization_ws/rotation_visualization': PYTHONPATH=/home/klingjac/AERO740/rotation_visualization_ws/rotation_visualization/build/rotation_visualization/prefix_override:/home/klingjac/AERO740/rotation_visualization_ws/rotation_visualization/install/rotation_visualization/lib/python3.10/site-packages: /usr/bin/python3 -W ignore:setup.py install is deprecated setup.py egg_info --egg-base build/rotation_visualization build --build-base /home/klingjac/AERO740/rotation_visualization_ws/rotation_visualization/build/rotation_visualization/build install --record /home/klingjac/AERO740/rotation_visualization_ws/rotation_visualization/build/rotation_visualization/install.log --single-version-externally-managed install_data
[0.536s] running egg_info
[0.536s] creating build/rotation_visualization/rotation_visualization.egg-info
[0.543s] writing build/rotation_visualization/rotation_visualization.egg-info/PKG-INFO
[0.543s] writing dependency_links to build/rotation_visualization/rotation_visualization.egg-info/dependency_links.txt
[0.543s] writing entry points to build/rotation_visualization/rotation_visualization.egg-info/entry_points.txt
[0.543s] writing requirements to build/rotation_visualization/rotation_visualization.egg-info/requires.txt
[0.543s] writing top-level names to build/rotation_visualization/rotation_visualization.egg-info/top_level.txt
[0.543s] writing manifest file 'build/rotation_visualization/rotation_visualization.egg-info/SOURCES.txt'
[0.556s] reading manifest file 'build/rotation_visualization/rotation_visualization.egg-info/SOURCES.txt'
[0.556s] writing manifest file 'build/rotation_visualization/rotation_visualization.egg-info/SOURCES.txt'
[0.556s] running build
[0.556s] running build_py
[0.556s] creating /home/klingjac/AERO740/rotation_visualization_ws/rotation_visualization/build/rotation_visualization/build
[0.556s] creating /home/klingjac/AERO740/rotation_visualization_ws/rotation_visualization/build/rotation_visualization/build/lib
[0.556s] creating /home/klingjac/AERO740/rotation_visualization_ws/rotation_visualization/build/rotation_visualization/build/lib/rotation_visualization
[0.556s] copying rotation_visualization/__init__.py -> /home/klingjac/AERO740/rotation_visualization_ws/rotation_visualization/build/rotation_visualization/build/lib/rotation_visualization
[0.556s] copying rotation_visualization/visualization_node.py -> /home/klingjac/AERO740/rotation_visualization_ws/rotation_visualization/build/rotation_visualization/build/lib/rotation_visualization
[0.557s] running install
[0.560s] running install_lib
[0.566s] creating /home/klingjac/AERO740/rotation_visualization_ws/rotation_visualization/install/rotation_visualization/lib/python3.10/site-packages/rotation_visualization
[0.566s] copying /home/klingjac/AERO740/rotation_visualization_ws/rotation_visualization/build/rotation_visualization/build/lib/rotation_visualization/__init__.py -> /home/klingjac/AERO740/rotation_visualization_ws/rotation_visualization/install/rotation_visualization/lib/python3.10/site-packages/rotation_visualization
[0.566s] copying /home/klingjac/AERO740/rotation_visualization_ws/rotation_visualization/build/rotation_visualization/build/lib/rotation_visualization/visualization_node.py -> /home/klingjac/AERO740/rotation_visualization_ws/rotation_visualization/install/rotation_visualization/lib/python3.10/site-packages/rotation_visualization
[0.566s] byte-compiling /home/klingjac/AERO740/rotation_visualization_ws/rotation_visualization/install/rotation_visualization/lib/python3.10/site-packages/rotation_visualization/__init__.py to __init__.cpython-310.pyc
[0.566s] byte-compiling /home/klingjac/AERO740/rotation_visualization_ws/rotation_visualization/install/rotation_visualization/lib/python3.10/site-packages/rotation_visualization/visualization_node.py to visualization_node.cpython-310.pyc
[0.567s] running install_data
[0.567s] running install_egg_info
[0.573s] Copying build/rotation_visualization/rotation_visualization.egg-info to /home/klingjac/AERO740/rotation_visualization_ws/rotation_visualization/install/rotation_visualization/lib/python3.10/site-packages/rotation_visualization-0.0.0-py3.10.egg-info
[0.573s] running install_scripts
[0.635s] Installing my_node script to /home/klingjac/AERO740/rotation_visualization_ws/rotation_visualization/install/rotation_visualization/lib/rotation_visualization
[0.635s] writing list of installed files to '/home/klingjac/AERO740/rotation_visualization_ws/rotation_visualization/build/rotation_visualization/install.log'
[0.651s] Invoked command in '/home/klingjac/AERO740/rotation_visualization_ws/rotation_visualization' returned '0': PYTHONPATH=/home/klingjac/AERO740/rotation_visualization_ws/rotation_visualization/build/rotation_visualization/prefix_override:/home/klingjac/AERO740/rotation_visualization_ws/rotation_visualization/install/rotation_visualization/lib/python3.10/site-packages: /usr/bin/python3 -W ignore:setup.py install is deprecated setup.py egg_info --egg-base build/rotation_visualization build --build-base /home/klingjac/AERO740/rotation_visualization_ws/rotation_visualization/build/rotation_visualization/build install --record /home/klingjac/AERO740/rotation_visualization_ws/rotation_visualization/build/rotation_visualization/install.log --single-version-externally-managed install_data
