[1.048s] DEBUG:colcon:Command line arguments: ['/usr/bin/colcon', 'build']
[1.048s] DEBUG:colcon:Parsed command line arguments: Namespace(log_base=None, log_level=None, verb_name='build', build_base='build', install_base='install', merge_install=False, symlink_install=False, test_result_base=None, continue_on_error=False, executor='parallel', parallel_workers=20, event_handlers=None, ignore_user_meta=False, metas=['./colcon.meta'], base_paths=['.'], packages_ignore=None, packages_ignore_regex=None, paths=None, packages_up_to=None, packages_up_to_regex=None, packages_above=None, packages_above_and_dependencies=None, packages_above_depth=None, packages_select_by_dep=None, packages_skip_by_dep=None, packages_skip_up_to=None, packages_select_build_failed=False, packages_skip_build_finished=False, packages_select_test_failures=False, packages_skip_test_passed=False, packages_select=None, packages_skip=None, packages_select_regex=None, packages_skip_regex=None, packages_start=None, packages_end=None, allow_overriding=[], cmake_args=None, cmake_target=None, cmake_target_skip_unavailable=False, cmake_clean_cache=False, cmake_clean_first=False, cmake_force_configure=False, ament_cmake_args=None, catkin_cmake_args=None, catkin_skip_building_tests=False, verb_parser=<colcon_defaults.argument_parser.defaults.DefaultArgumentsDecorator object at 0x7f21350b6a10>, verb_extension=<colcon_core.verb.build.BuildVerb object at 0x7f213527ff70>, main=<bound method BuildVerb.main of <colcon_core.verb.build.BuildVerb object at 0x7f213527ff70>>)
[1.159s] Level 1:colcon.colcon_core.package_discovery:discover_packages(colcon_meta) check parameters
[1.160s] Level 1:colcon.colcon_core.package_discovery:discover_packages(recursive) check parameters
[1.160s] Level 1:colcon.colcon_core.package_discovery:discover_packages(ignore) check parameters
[1.160s] Level 1:colcon.colcon_core.package_discovery:discover_packages(path) check parameters
[1.160s] Level 1:colcon.colcon_core.package_discovery:discover_packages(colcon_meta) discover
[1.160s] Level 1:colcon.colcon_core.package_discovery:discover_packages(recursive) discover
[1.160s] INFO:colcon.colcon_core.package_discovery:Crawling recursively for packages in '/home/klingjac/AERO740/rotation_visualization_ws'
[1.160s] Level 1:colcon.colcon_core.package_identification:_identify(.) by extensions ['ignore', 'ignore_ament_install']
[1.160s] Level 1:colcon.colcon_core.package_identification:_identify(.) by extension 'ignore'
[1.160s] Level 1:colcon.colcon_core.package_identification:_identify(.) by extension 'ignore_ament_install'
[1.160s] Level 1:colcon.colcon_core.package_identification:_identify(.) by extensions ['colcon_pkg']
[1.160s] Level 1:colcon.colcon_core.package_identification:_identify(.) by extension 'colcon_pkg'
[1.160s] Level 1:colcon.colcon_core.package_identification:_identify(.) by extensions ['colcon_meta']
[1.160s] Level 1:colcon.colcon_core.package_identification:_identify(.) by extension 'colcon_meta'
[1.161s] Level 1:colcon.colcon_core.package_identification:_identify(.) by extensions ['ros']
[1.161s] Level 1:colcon.colcon_core.package_identification:_identify(.) by extension 'ros'
[1.185s] Level 1:colcon.colcon_core.package_identification:_identify(.) by extensions ['cmake', 'python']
[1.185s] Level 1:colcon.colcon_core.package_identification:_identify(.) by extension 'cmake'
[1.185s] Level 1:colcon.colcon_core.package_identification:_identify(.) by extension 'python'
[1.185s] Level 1:colcon.colcon_core.package_identification:_identify(.) by extensions ['python_setup_py']
[1.185s] Level 1:colcon.colcon_core.package_identification:_identify(.) by extension 'python_setup_py'
[1.185s] Level 1:colcon.colcon_core.package_identification:_identify(build) by extensions ['ignore', 'ignore_ament_install']
[1.185s] Level 1:colcon.colcon_core.package_identification:_identify(build) by extension 'ignore'
[1.185s] Level 1:colcon.colcon_core.package_identification:_identify(build) ignored
[1.186s] Level 1:colcon.colcon_core.package_identification:_identify(install) by extensions ['ignore', 'ignore_ament_install']
[1.186s] Level 1:colcon.colcon_core.package_identification:_identify(install) by extension 'ignore'
[1.186s] Level 1:colcon.colcon_core.package_identification:_identify(install) ignored
[1.186s] Level 1:colcon.colcon_core.package_identification:_identify(log) by extensions ['ignore', 'ignore_ament_install']
[1.187s] Level 1:colcon.colcon_core.package_identification:_identify(log) by extension 'ignore'
[1.187s] Level 1:colcon.colcon_core.package_identification:_identify(log) ignored
[1.187s] Level 1:colcon.colcon_core.package_identification:_identify(rotation_visualization) by extensions ['ignore', 'ignore_ament_install']
[1.187s] Level 1:colcon.colcon_core.package_identification:_identify(rotation_visualization) by extension 'ignore'
[1.187s] Level 1:colcon.colcon_core.package_identification:_identify(rotation_visualization) by extension 'ignore_ament_install'
[1.187s] Level 1:colcon.colcon_core.package_identification:_identify(rotation_visualization) by extensions ['colcon_pkg']
[1.187s] Level 1:colcon.colcon_core.package_identification:_identify(rotation_visualization) by extension 'colcon_pkg'
[1.187s] Level 1:colcon.colcon_core.package_identification:_identify(rotation_visualization) by extensions ['colcon_meta']
[1.187s] Level 1:colcon.colcon_core.package_identification:_identify(rotation_visualization) by extension 'colcon_meta'
[1.187s] Level 1:colcon.colcon_core.package_identification:_identify(rotation_visualization) by extensions ['ros']
[1.187s] Level 1:colcon.colcon_core.package_identification:_identify(rotation_visualization) by extension 'ros'
[1.192s] DEBUG:colcon.colcon_core.package_identification:Package 'rotation_visualization' with type 'ros.ament_python' and name 'rotation_visualization'
[1.192s] Level 1:colcon.colcon_core.package_discovery:discover_packages(recursive) using defaults
[1.192s] Level 1:colcon.colcon_core.package_discovery:discover_packages(ignore) discover
[1.192s] Level 1:colcon.colcon_core.package_discovery:discover_packages(ignore) using defaults
[1.192s] Level 1:colcon.colcon_core.package_discovery:discover_packages(path) discover
[1.192s] Level 1:colcon.colcon_core.package_discovery:discover_packages(path) using defaults
[1.227s] Level 1:colcon.colcon_core.package_discovery:discover_packages(prefix_path) check parameters
[1.227s] Level 1:colcon.colcon_core.package_discovery:discover_packages(prefix_path) discover
[1.230s] Level 1:colcon.colcon_core.package_discovery:discover_packages(prefix_path) using defaults
[1.232s] Level 5:colcon.colcon_core.verb:set package 'rotation_visualization' build argument 'cmake_args' from command line to 'None'
[1.232s] Level 5:colcon.colcon_core.verb:set package 'rotation_visualization' build argument 'cmake_target' from command line to 'None'
[1.232s] Level 5:colcon.colcon_core.verb:set package 'rotation_visualization' build argument 'cmake_target_skip_unavailable' from command line to 'False'
[1.232s] Level 5:colcon.colcon_core.verb:set package 'rotation_visualization' build argument 'cmake_clean_cache' from command line to 'False'
[1.232s] Level 5:colcon.colcon_core.verb:set package 'rotation_visualization' build argument 'cmake_clean_first' from command line to 'False'
[1.232s] Level 5:colcon.colcon_core.verb:set package 'rotation_visualization' build argument 'cmake_force_configure' from command line to 'False'
[1.232s] Level 5:colcon.colcon_core.verb:set package 'rotation_visualization' build argument 'ament_cmake_args' from command line to 'None'
[1.232s] Level 5:colcon.colcon_core.verb:set package 'rotation_visualization' build argument 'catkin_cmake_args' from command line to 'None'
[1.232s] Level 5:colcon.colcon_core.verb:set package 'rotation_visualization' build argument 'catkin_skip_building_tests' from command line to 'False'
[1.232s] DEBUG:colcon.colcon_core.verb:Building package 'rotation_visualization' with the following arguments: {'ament_cmake_args': None, 'build_base': '/home/klingjac/AERO740/rotation_visualization_ws/build/rotation_visualization', 'catkin_cmake_args': None, 'catkin_skip_building_tests': False, 'cmake_args': None, 'cmake_clean_cache': False, 'cmake_clean_first': False, 'cmake_force_configure': False, 'cmake_target': None, 'cmake_target_skip_unavailable': False, 'install_base': '/home/klingjac/AERO740/rotation_visualization_ws/install/rotation_visualization', 'merge_install': False, 'path': '/home/klingjac/AERO740/rotation_visualization_ws/rotation_visualization', 'symlink_install': False, 'test_result_base': None}
[1.233s] INFO:colcon.colcon_core.executor:Executing jobs using 'parallel' executor
[1.235s] DEBUG:colcon.colcon_parallel_executor.executor.parallel:run_until_complete
[1.235s] INFO:colcon.colcon_ros.task.ament_python.build:Building ROS package in '/home/klingjac/AERO740/rotation_visualization_ws/rotation_visualization' with build type 'ament_python'
[1.235s] Level 1:colcon.colcon_core.shell:create_environment_hook('rotation_visualization', 'ament_prefix_path')
[1.243s] INFO:colcon.colcon_core.plugin_system:Skipping extension 'colcon_core.shell.bat': Not used on non-Windows systems
[1.243s] INFO:colcon.colcon_core.shell:Creating environment hook '/home/klingjac/AERO740/rotation_visualization_ws/install/rotation_visualization/share/rotation_visualization/hook/ament_prefix_path.ps1'
[1.245s] INFO:colcon.colcon_core.shell:Creating environment descriptor '/home/klingjac/AERO740/rotation_visualization_ws/install/rotation_visualization/share/rotation_visualization/hook/ament_prefix_path.dsv'
[1.246s] INFO:colcon.colcon_core.shell:Creating environment hook '/home/klingjac/AERO740/rotation_visualization_ws/install/rotation_visualization/share/rotation_visualization/hook/ament_prefix_path.sh'
[1.254s] INFO:colcon.colcon_core.shell:Skip shell extension 'powershell' for command environment: Not usable outside of PowerShell
[1.254s] DEBUG:colcon.colcon_core.shell:Skip shell extension 'dsv' for command environment
[1.516s] INFO:colcon.colcon_core.task.python.build:Building Python package in '/home/klingjac/AERO740/rotation_visualization_ws/rotation_visualization'
[1.516s] INFO:colcon.colcon_core.shell:Skip shell extension 'powershell' for command environment: Not usable outside of PowerShell
[1.516s] DEBUG:colcon.colcon_core.shell:Skip shell extension 'dsv' for command environment
[2.709s] DEBUG:colcon.colcon_core.event_handler.log_command:Invoking command in '/home/klingjac/AERO740/rotation_visualization_ws/rotation_visualization': PYTHONPATH=/home/klingjac/AERO740/rotation_visualization_ws/build/rotation_visualization/prefix_override:/home/klingjac/AERO740/rotation_visualization_ws/install/rotation_visualization/lib/python3.10/site-packages: WSLENV=ELECTRON_RUN_AS_NODE/w: /usr/bin/python3 -W ignore:setup.py install is deprecated setup.py egg_info --egg-base ../build/rotation_visualization build --build-base /home/klingjac/AERO740/rotation_visualization_ws/build/rotation_visualization/build install --record /home/klingjac/AERO740/rotation_visualization_ws/build/rotation_visualization/install.log --single-version-externally-managed install_data
[3.323s] DEBUG:colcon.colcon_core.event_handler.log_command:Invoked command in '/home/klingjac/AERO740/rotation_visualization_ws/rotation_visualization' returned '0': PYTHONPATH=/home/klingjac/AERO740/rotation_visualization_ws/build/rotation_visualization/prefix_override:/home/klingjac/AERO740/rotation_visualization_ws/install/rotation_visualization/lib/python3.10/site-packages: WSLENV=ELECTRON_RUN_AS_NODE/w: /usr/bin/python3 -W ignore:setup.py install is deprecated setup.py egg_info --egg-base ../build/rotation_visualization build --build-base /home/klingjac/AERO740/rotation_visualization_ws/build/rotation_visualization/build install --record /home/klingjac/AERO740/rotation_visualization_ws/build/rotation_visualization/install.log --single-version-externally-managed install_data
[3.334s] Level 1:colcon.colcon_core.environment:checking '/home/klingjac/AERO740/rotation_visualization_ws/install/rotation_visualization' for CMake module files
[3.334s] Level 1:colcon.colcon_core.environment:checking '/home/klingjac/AERO740/rotation_visualization_ws/install/rotation_visualization' for CMake config files
[3.335s] Level 1:colcon.colcon_core.environment:checking '/home/klingjac/AERO740/rotation_visualization_ws/install/rotation_visualization/lib'
[3.336s] Level 1:colcon.colcon_core.environment:checking '/home/klingjac/AERO740/rotation_visualization_ws/install/rotation_visualization/bin'
[3.336s] Level 1:colcon.colcon_core.environment:checking '/home/klingjac/AERO740/rotation_visualization_ws/install/rotation_visualization/lib/pkgconfig/rotation_visualization.pc'
[3.336s] Level 1:colcon.colcon_core.environment:checking '/home/klingjac/AERO740/rotation_visualization_ws/install/rotation_visualization/lib/python3.10/site-packages'
[3.336s] Level 1:colcon.colcon_core.shell:create_environment_hook('rotation_visualization', 'pythonpath')
[3.336s] INFO:colcon.colcon_core.shell:Creating environment hook '/home/klingjac/AERO740/rotation_visualization_ws/install/rotation_visualization/share/rotation_visualization/hook/pythonpath.ps1'
[3.337s] INFO:colcon.colcon_core.shell:Creating environment descriptor '/home/klingjac/AERO740/rotation_visualization_ws/install/rotation_visualization/share/rotation_visualization/hook/pythonpath.dsv'
[3.337s] INFO:colcon.colcon_core.shell:Creating environment hook '/home/klingjac/AERO740/rotation_visualization_ws/install/rotation_visualization/share/rotation_visualization/hook/pythonpath.sh'
[3.338s] Level 1:colcon.colcon_core.environment:checking '/home/klingjac/AERO740/rotation_visualization_ws/install/rotation_visualization/bin'
[3.338s] Level 1:colcon.colcon_core.environment:create_environment_scripts_only(rotation_visualization)
[3.339s] INFO:colcon.colcon_core.shell:Creating package script '/home/klingjac/AERO740/rotation_visualization_ws/install/rotation_visualization/share/rotation_visualization/package.ps1'
[3.341s] INFO:colcon.colcon_core.shell:Creating package descriptor '/home/klingjac/AERO740/rotation_visualization_ws/install/rotation_visualization/share/rotation_visualization/package.dsv'
[3.342s] INFO:colcon.colcon_core.shell:Creating package script '/home/klingjac/AERO740/rotation_visualization_ws/install/rotation_visualization/share/rotation_visualization/package.sh'
[3.343s] INFO:colcon.colcon_core.shell:Creating package script '/home/klingjac/AERO740/rotation_visualization_ws/install/rotation_visualization/share/rotation_visualization/package.bash'
[3.345s] INFO:colcon.colcon_core.shell:Creating package script '/home/klingjac/AERO740/rotation_visualization_ws/install/rotation_visualization/share/rotation_visualization/package.zsh'
[3.346s] Level 1:colcon.colcon_core.environment:create_file_with_runtime_dependencies(/home/klingjac/AERO740/rotation_visualization_ws/install/rotation_visualization/share/colcon-core/packages/rotation_visualization)
[3.346s] DEBUG:colcon.colcon_parallel_executor.executor.parallel:closing loop
[3.347s] DEBUG:colcon.colcon_parallel_executor.executor.parallel:loop closed
[3.347s] DEBUG:colcon.colcon_parallel_executor.executor.parallel:run_until_complete finished with '0'
[3.347s] DEBUG:colcon.colcon_core.event_reactor:joining thread
[3.500s] INFO:colcon.colcon_core.plugin_system:Skipping extension 'colcon_notification.desktop_notification.notify_send': Could not find 'notify-send'
[3.500s] INFO:colcon.colcon_core.plugin_system:Skipping extension 'colcon_notification.desktop_notification.terminal_notifier': Not used on non-Darwin systems
[3.500s] INFO:colcon.colcon_core.plugin_system:Skipping extension 'colcon_notification.desktop_notification.win32': Not used on non-Windows systems
[3.500s] INFO:colcon.colcon_notification.desktop_notification:Sending desktop notification using 'notify2'
[3.500s] DEBUG:colcon.colcon_notification.desktop_notification.notify2:Failed to initialize notify2: org.freedesktop.DBus.Error.FileNotFound: Failed to connect to socket /run/user/1000/bus: No such file or directory
[3.501s] DEBUG:colcon.colcon_core.event_reactor:joined thread
[3.501s] INFO:colcon.colcon_core.shell:Creating prefix script '/home/klingjac/AERO740/rotation_visualization_ws/install/local_setup.ps1'
[3.505s] INFO:colcon.colcon_core.shell:Creating prefix util module '/home/klingjac/AERO740/rotation_visualization_ws/install/_local_setup_util_ps1.py'
[3.506s] INFO:colcon.colcon_core.shell:Creating prefix chain script '/home/klingjac/AERO740/rotation_visualization_ws/install/setup.ps1'
[3.507s] INFO:colcon.colcon_core.shell:Creating prefix script '/home/klingjac/AERO740/rotation_visualization_ws/install/local_setup.sh'
[3.508s] INFO:colcon.colcon_core.shell:Creating prefix util module '/home/klingjac/AERO740/rotation_visualization_ws/install/_local_setup_util_sh.py'
[3.509s] INFO:colcon.colcon_core.shell:Creating prefix chain script '/home/klingjac/AERO740/rotation_visualization_ws/install/setup.sh'
[3.510s] INFO:colcon.colcon_core.shell:Creating prefix script '/home/klingjac/AERO740/rotation_visualization_ws/install/local_setup.bash'
[3.511s] INFO:colcon.colcon_core.shell:Creating prefix chain script '/home/klingjac/AERO740/rotation_visualization_ws/install/setup.bash'
[3.512s] INFO:colcon.colcon_core.shell:Creating prefix script '/home/klingjac/AERO740/rotation_visualization_ws/install/local_setup.zsh'
[3.513s] INFO:colcon.colcon_core.shell:Creating prefix chain script '/home/klingjac/AERO740/rotation_visualization_ws/install/setup.zsh'
