[0.418s] Invoking command in '/home/klingjac/AERO740/rotation_visualization_ws/rotation_visualization': PYTHONPATH=/home/klingjac/AERO740/rotation_visualization_ws/rotation_visualization/build/rotation_visualization/prefix_override:/home/klingjac/AERO740/rotation_visualization_ws/rotation_visualization/install/rotation_visualization/lib/python3.10/site-packages:${PYTHONPATH} /usr/bin/python3 -W ignore:setup.py install is deprecated setup.py egg_info --egg-base build/rotation_visualization build --build-base /home/klingjac/AERO740/rotation_visualization_ws/rotation_visualization/build/rotation_visualization/build install --record /home/klingjac/AERO740/rotation_visualization_ws/rotation_visualization/build/rotation_visualization/install.log --single-version-externally-managed install_data
[0.546s] running egg_info
[0.553s] writing build/rotation_visualization/rotation_visualization.egg-info/PKG-INFO
[0.553s] writing dependency_links to build/rotation_visualization/rotation_visualization.egg-info/dependency_links.txt
[0.553s] writing entry points to build/rotation_visualization/rotation_visualization.egg-info/entry_points.txt
[0.554s] writing requirements to build/rotation_visualization/rotation_visualization.egg-info/requires.txt
[0.556s] writing top-level names to build/rotation_visualization/rotation_visualization.egg-info/top_level.txt
[0.571s] reading manifest file 'build/rotation_visualization/rotation_visualization.egg-info/SOURCES.txt'
[0.572s] writing manifest file 'build/rotation_visualization/rotation_visualization.egg-info/SOURCES.txt'
[0.572s] running build
[0.572s] running build_py
[0.572s] copying rotation_visualization/__init__.py -> /home/klingjac/AERO740/rotation_visualization_ws/rotation_visualization/build/rotation_visualization/build/lib/rotation_visualization
[0.572s] copying rotation_visualization/visualization_node.py -> /home/klingjac/AERO740/rotation_visualization_ws/rotation_visualization/build/rotation_visualization/build/lib/rotation_visualization
[0.572s] running install
[0.576s] running install_lib
[0.584s] copying /home/klingjac/AERO740/rotation_visualization_ws/rotation_visualization/build/rotation_visualization/build/lib/rotation_visualization/visualization_node.py -> /home/klingjac/AERO740/rotation_visualization_ws/rotation_visualization/install/rotation_visualization/lib/python3.10/site-packages/rotation_visualization
[0.584s] byte-compiling /home/klingjac/AERO740/rotation_visualization_ws/rotation_visualization/install/rotation_visualization/lib/python3.10/site-packages/rotation_visualization/visualization_node.py to visualization_node.cpython-310.pyc
[0.584s] running install_data
[0.585s] copying package.xml -> /home/klingjac/AERO740/rotation_visualization_ws/rotation_visualization/install/rotation_visualization/share/rotation_visualization
[0.585s] running install_egg_info
[0.594s] removing '/home/klingjac/AERO740/rotation_visualization_ws/rotation_visualization/install/rotation_visualization/lib/python3.10/site-packages/rotation_visualization-0.0.0-py3.10.egg-info' (and everything under it)
[0.594s] Copying build/rotation_visualization/rotation_visualization.egg-info to /home/klingjac/AERO740/rotation_visualization_ws/rotation_visualization/install/rotation_visualization/lib/python3.10/site-packages/rotation_visualization-0.0.0-py3.10.egg-info
[0.595s] running install_scripts
[0.668s] Installing visualization_node script to /home/klingjac/AERO740/rotation_visualization_ws/rotation_visualization/install/rotation_visualization/lib/rotation_visualization
[0.668s] writing list of installed files to '/home/klingjac/AERO740/rotation_visualization_ws/rotation_visualization/build/rotation_visualization/install.log'
[0.681s] Invoked command in '/home/klingjac/AERO740/rotation_visualization_ws/rotation_visualization' returned '0': PYTHONPATH=/home/klingjac/AERO740/rotation_visualization_ws/rotation_visualization/build/rotation_visualization/prefix_override:/home/klingjac/AERO740/rotation_visualization_ws/rotation_visualization/install/rotation_visualization/lib/python3.10/site-packages:${PYTHONPATH} /usr/bin/python3 -W ignore:setup.py install is deprecated setup.py egg_info --egg-base build/rotation_visualization build --build-base /home/klingjac/AERO740/rotation_visualization_ws/rotation_visualization/build/rotation_visualization/build install --record /home/klingjac/AERO740/rotation_visualization_ws/rotation_visualization/build/rotation_visualization/install.log --single-version-externally-managed install_data
