[0.465s] Invoking command in '/home/klingjac/AERO740/rotation_visualization_ws/rotation_visualization': PYTHONPATH=/home/klingjac/AERO740/rotation_visualization_ws/rotation_visualization/build/rotation_visualization/prefix_override:/home/klingjac/AERO740/rotation_visualization_ws/rotation_visualization/install/rotation_visualization/lib/python3.10/site-packages:${PYTHONPATH} /usr/bin/python3 -W ignore:setup.py install is deprecated setup.py egg_info --egg-base build/rotation_visualization build --build-base /home/klingjac/AERO740/rotation_visualization_ws/rotation_visualization/build/rotation_visualization/build install --record /home/klingjac/AERO740/rotation_visualization_ws/rotation_visualization/build/rotation_visualization/install.log --single-version-externally-managed install_data
[0.586s] running egg_info
[0.594s] writing build/rotation_visualization/rotation_visualization.egg-info/PKG-INFO
[0.594s] writing dependency_links to build/rotation_visualization/rotation_visualization.egg-info/dependency_links.txt
[0.594s] writing entry points to build/rotation_visualization/rotation_visualization.egg-info/entry_points.txt
[0.595s] writing requirements to build/rotation_visualization/rotation_visualization.egg-info/requires.txt
[0.595s] writing top-level names to build/rotation_visualization/rotation_visualization.egg-info/top_level.txt
[0.611s] reading manifest file 'build/rotation_visualization/rotation_visualization.egg-info/SOURCES.txt'
[0.611s] writing manifest file 'build/rotation_visualization/rotation_visualization.egg-info/SOURCES.txt'
[0.612s] running build
[0.612s] running build_py
[0.612s] copying rotation_visualization/__init__.py -> /home/klingjac/AERO740/rotation_visualization_ws/rotation_visualization/build/rotation_visualization/build/lib/rotation_visualization
[0.612s] copying rotation_visualization/visualization_node.py -> /home/klingjac/AERO740/rotation_visualization_ws/rotation_visualization/build/rotation_visualization/build/lib/rotation_visualization
[0.612s] running install
[0.614s] running install_lib
[0.622s] running install_data
[0.623s] running install_egg_info
[0.633s] removing '/home/klingjac/AERO740/rotation_visualization_ws/rotation_visualization/install/rotation_visualization/lib/python3.10/site-packages/rotation_visualization-0.0.0-py3.10.egg-info' (and everything under it)
[0.633s] Copying build/rotation_visualization/rotation_visualization.egg-info to /home/klingjac/AERO740/rotation_visualization_ws/rotation_visualization/install/rotation_visualization/lib/python3.10/site-packages/rotation_visualization-0.0.0-py3.10.egg-info
[0.634s] running install_scripts
[0.708s] Installing visualization_node script to /home/klingjac/AERO740/rotation_visualization_ws/rotation_visualization/install/rotation_visualization/lib/rotation_visualization
[0.708s] writing list of installed files to '/home/klingjac/AERO740/rotation_visualization_ws/rotation_visualization/build/rotation_visualization/install.log'
[0.721s] Invoked command in '/home/klingjac/AERO740/rotation_visualization_ws/rotation_visualization' returned '0': PYTHONPATH=/home/klingjac/AERO740/rotation_visualization_ws/rotation_visualization/build/rotation_visualization/prefix_override:/home/klingjac/AERO740/rotation_visualization_ws/rotation_visualization/install/rotation_visualization/lib/python3.10/site-packages:${PYTHONPATH} /usr/bin/python3 -W ignore:setup.py install is deprecated setup.py egg_info --egg-base build/rotation_visualization build --build-base /home/klingjac/AERO740/rotation_visualization_ws/rotation_visualization/build/rotation_visualization/build install --record /home/klingjac/AERO740/rotation_visualization_ws/rotation_visualization/build/rotation_visualization/install.log --single-version-externally-managed install_data
