[0.722s] Invoking command in '/home/klingjac/AERO740/rotation_visualization_ws/rotation_visualization': PYTHONPATH=/home/klingjac/AERO740/rotation_visualization_ws/build/rotation_visualization/prefix_override:/home/klingjac/AERO740/rotation_visualization_ws/install/rotation_visualization/lib/python3.10/site-packages:${PYTHONPATH} /usr/bin/python3 -W ignore:setup.py install is deprecated setup.py egg_info --egg-base ../build/rotation_visualization build --build-base /home/klingjac/AERO740/rotation_visualization_ws/build/rotation_visualization/build install --record /home/klingjac/AERO740/rotation_visualization_ws/build/rotation_visualization/install.log --single-version-externally-managed install_data
[0.930s] running egg_info
[0.945s] writing ../build/rotation_visualization/rotation_visualization.egg-info/PKG-INFO
[0.946s] writing dependency_links to ../build/rotation_visualization/rotation_visualization.egg-info/dependency_links.txt
[0.946s] writing entry points to ../build/rotation_visualization/rotation_visualization.egg-info/entry_points.txt
[0.946s] writing requirements to ../build/rotation_visualization/rotation_visualization.egg-info/requires.txt
[0.946s] writing top-level names to ../build/rotation_visualization/rotation_visualization.egg-info/top_level.txt
[0.978s] reading manifest file '../build/rotation_visualization/rotation_visualization.egg-info/SOURCES.txt'
[0.978s] writing manifest file '../build/rotation_visualization/rotation_visualization.egg-info/SOURCES.txt'
[0.978s] running build
[0.979s] running build_py
[0.979s] copying rotation_visualization/__init__.py -> /home/klingjac/AERO740/rotation_visualization_ws/build/rotation_visualization/build/lib/rotation_visualization
[0.979s] copying rotation_visualization/visualization_node.py -> /home/klingjac/AERO740/rotation_visualization_ws/build/rotation_visualization/build/lib/rotation_visualization
[0.979s] running install
[0.982s] running install_lib
[0.997s] copying /home/klingjac/AERO740/rotation_visualization_ws/build/rotation_visualization/build/lib/rotation_visualization/visualization_node.py -> /home/klingjac/AERO740/rotation_visualization_ws/install/rotation_visualization/lib/python3.10/site-packages/rotation_visualization
[0.997s] byte-compiling /home/klingjac/AERO740/rotation_visualization_ws/install/rotation_visualization/lib/python3.10/site-packages/rotation_visualization/visualization_node.py to visualization_node.cpython-310.pyc
[0.998s] running install_data
[0.999s] copying resource/rotation_visualization -> /home/klingjac/AERO740/rotation_visualization_ws/install/rotation_visualization/share/ament_index/resource_index/packages
[0.999s] copying package.xml -> /home/klingjac/AERO740/rotation_visualization_ws/install/rotation_visualization/share/rotation_visualization
[0.999s] running install_egg_info
[1.014s] removing '/home/klingjac/AERO740/rotation_visualization_ws/install/rotation_visualization/lib/python3.10/site-packages/rotation_visualization-0.0.0-py3.10.egg-info' (and everything under it)
[1.014s] Copying ../build/rotation_visualization/rotation_visualization.egg-info to /home/klingjac/AERO740/rotation_visualization_ws/install/rotation_visualization/lib/python3.10/site-packages/rotation_visualization-0.0.0-py3.10.egg-info
[1.015s] running install_scripts
[1.142s] Installing visualization_node script to /home/klingjac/AERO740/rotation_visualization_ws/install/rotation_visualization/lib/rotation_visualization
[1.143s] writing list of installed files to '/home/klingjac/AERO740/rotation_visualization_ws/build/rotation_visualization/install.log'
[1.167s] Invoked command in '/home/klingjac/AERO740/rotation_visualization_ws/rotation_visualization' returned '0': PYTHONPATH=/home/klingjac/AERO740/rotation_visualization_ws/build/rotation_visualization/prefix_override:/home/klingjac/AERO740/rotation_visualization_ws/install/rotation_visualization/lib/python3.10/site-packages:${PYTHONPATH} /usr/bin/python3 -W ignore:setup.py install is deprecated setup.py egg_info --egg-base ../build/rotation_visualization build --build-base /home/klingjac/AERO740/rotation_visualization_ws/build/rotation_visualization/build install --record /home/klingjac/AERO740/rotation_visualization_ws/build/rotation_visualization/install.log --single-version-externally-managed install_data
