[0.886s] Invoking command in '/home/klingjac/AERO740/rotation_visualization_ws/build/rotation_visualization': PYTHONPATH=/home/klingjac/AERO740/rotation_visualization_ws/build/rotation_visualization/prefix_override:/home/klingjac/AERO740/rotation_visualization_ws/install/rotation_visualization/lib/python3.10/site-packages:${PYTHONPATH} /usr/bin/python3 -W ignore:setup.py install is deprecated setup.py develop --editable --build-directory /home/klingjac/AERO740/rotation_visualization_ws/build/rotation_visualization/build --no-deps symlink_data
[1.217s] running develop
[1.218s] /home/klingjac/.local/lib/python3.10/site-packages/setuptools/command/develop.py:39: EasyInstallDeprecationWarning: easy_install command is deprecated.
[1.218s] !!
[1.218s] 
[1.218s]         ********************************************************************************
[1.218s]         Please avoid running ``setup.py`` and ``easy_install``.
[1.218s]         Instead, use pypa/build, pypa/installer or other
[1.218s]         standards-based tools.
[1.218s] 
[1.218s]         See https://github.com/pypa/setuptools/issues/917 for details.
[1.218s]         ********************************************************************************
[1.218s] 
[1.218s] !!
[1.218s]   easy_install.initialize_options(self)
[1.442s] running egg_info
[1.461s] writing rotation_visualization.egg-info/PKG-INFO
[1.462s] writing dependency_links to rotation_visualization.egg-info/dependency_links.txt
[1.462s] writing entry points to rotation_visualization.egg-info/entry_points.txt
[1.462s] writing requirements to rotation_visualization.egg-info/requires.txt
[1.463s] writing top-level names to rotation_visualization.egg-info/top_level.txt
[1.515s] reading manifest file 'rotation_visualization.egg-info/SOURCES.txt'
[1.516s] writing manifest file 'rotation_visualization.egg-info/SOURCES.txt'
[1.535s] running build_ext
[1.535s] Creating /home/klingjac/AERO740/rotation_visualization_ws/install/rotation_visualization/lib/python3.10/site-packages/rotation_visualization.egg-link (link to .)
[1.536s] Installing visualization_node script to /home/klingjac/AERO740/rotation_visualization_ws/install/rotation_visualization/lib/rotation_visualization
[1.537s] 
[1.537s] Installed /home/klingjac/AERO740/rotation_visualization_ws/build/rotation_visualization
[1.537s] running symlink_data
[1.576s] Invoked command in '/home/klingjac/AERO740/rotation_visualization_ws/build/rotation_visualization' returned '0': PYTHONPATH=/home/klingjac/AERO740/rotation_visualization_ws/build/rotation_visualization/prefix_override:/home/klingjac/AERO740/rotation_visualization_ws/install/rotation_visualization/lib/python3.10/site-packages:${PYTHONPATH} /usr/bin/python3 -W ignore:setup.py install is deprecated setup.py develop --editable --build-directory /home/klingjac/AERO740/rotation_visualization_ws/build/rotation_visualization/build --no-deps symlink_data
