[0.816s] Invoking command in '/home/klingjac/AERO740/rotation_visualization_ws/rotation_visualization': PYTHONPATH=/home/klingjac/AERO740/rotation_visualization_ws/build/rotation_visualization/prefix_override:/home/klingjac/AERO740/rotation_visualization_ws/install/rotation_visualization/lib/python3.10/site-packages:${PYTHONPATH} /usr/bin/python3 -W ignore:setup.py install is deprecated setup.py egg_info --egg-base ../build/rotation_visualization build --build-base /home/klingjac/AERO740/rotation_visualization_ws/build/rotation_visualization/build install --record /home/klingjac/AERO740/rotation_visualization_ws/build/rotation_visualization/install.log --single-version-externally-managed install_data
[1.062s] running egg_info
[1.077s] writing ../build/rotation_visualization/rotation_visualization.egg-info/PKG-INFO
[1.078s] writing dependency_links to ../build/rotation_visualization/rotation_visualization.egg-info/dependency_links.txt
[1.078s] writing entry points to ../build/rotation_visualization/rotation_visualization.egg-info/entry_points.txt
[1.078s] writing requirements to ../build/rotation_visualization/rotation_visualization.egg-info/requires.txt
[1.078s] writing top-level names to ../build/rotation_visualization/rotation_visualization.egg-info/top_level.txt
[1.118s] reading manifest file '../build/rotation_visualization/rotation_visualization.egg-info/SOURCES.txt'
[1.119s] writing manifest file '../build/rotation_visualization/rotation_visualization.egg-info/SOURCES.txt'
[1.120s] running build
[1.120s] running build_py
[1.120s] copying rotation_visualization/sun_vect.py -> /home/klingjac/AERO740/rotation_visualization_ws/build/rotation_visualization/build/lib/rotation_visualization
[1.120s] copying rotation_visualization/__init__.py -> /home/klingjac/AERO740/rotation_visualization_ws/build/rotation_visualization/build/lib/rotation_visualization
[1.121s] copying rotation_visualization/eig_helper.py -> /home/klingjac/AERO740/rotation_visualization_ws/build/rotation_visualization/build/lib/rotation_visualization
[1.121s] copying rotation_visualization/visualization_nodeo.py -> /home/klingjac/AERO740/rotation_visualization_ws/build/rotation_visualization/build/lib/rotation_visualization
[1.121s] copying rotation_visualization/QUEST.py -> /home/klingjac/AERO740/rotation_visualization_ws/build/rotation_visualization/build/lib/rotation_visualization
[1.121s] copying rotation_visualization/Kalman.py -> /home/klingjac/AERO740/rotation_visualization_ws/build/rotation_visualization/build/lib/rotation_visualization
[1.121s] copying rotation_visualization/visualization_node.py -> /home/klingjac/AERO740/rotation_visualization_ws/build/rotation_visualization/build/lib/rotation_visualization
[1.121s] running install
[1.128s] running install_lib
[1.147s] copying /home/klingjac/AERO740/rotation_visualization_ws/build/rotation_visualization/build/lib/rotation_visualization/sun_vect.py -> /home/klingjac/AERO740/rotation_visualization_ws/install/rotation_visualization/lib/python3.10/site-packages/rotation_visualization
[1.147s] byte-compiling /home/klingjac/AERO740/rotation_visualization_ws/install/rotation_visualization/lib/python3.10/site-packages/rotation_visualization/sun_vect.py to sun_vect.cpython-310.pyc
[1.149s] running install_data
[1.149s] copying resource/rotation_visualization -> /home/klingjac/AERO740/rotation_visualization_ws/install/rotation_visualization/share/ament_index/resource_index/packages
[1.149s] copying package.xml -> /home/klingjac/AERO740/rotation_visualization_ws/install/rotation_visualization/share/rotation_visualization
[1.149s] copying models/VirtualSatv6.stl -> /home/klingjac/AERO740/rotation_visualization_ws/install/rotation_visualization/share/rotation_visualization/models
[1.149s] running install_egg_info
[1.165s] removing '/home/klingjac/AERO740/rotation_visualization_ws/install/rotation_visualization/lib/python3.10/site-packages/rotation_visualization-0.0.0-py3.10.egg-info' (and everything under it)
[1.165s] Copying ../build/rotation_visualization/rotation_visualization.egg-info to /home/klingjac/AERO740/rotation_visualization_ws/install/rotation_visualization/lib/python3.10/site-packages/rotation_visualization-0.0.0-py3.10.egg-info
[1.166s] running install_scripts
[1.306s] Installing visualization_node script to /home/klingjac/AERO740/rotation_visualization_ws/install/rotation_visualization/lib/rotation_visualization
[1.306s] writing list of installed files to '/home/klingjac/AERO740/rotation_visualization_ws/build/rotation_visualization/install.log'
[1.331s] Invoked command in '/home/klingjac/AERO740/rotation_visualization_ws/rotation_visualization' returned '0': PYTHONPATH=/home/klingjac/AERO740/rotation_visualization_ws/build/rotation_visualization/prefix_override:/home/klingjac/AERO740/rotation_visualization_ws/install/rotation_visualization/lib/python3.10/site-packages:${PYTHONPATH} /usr/bin/python3 -W ignore:setup.py install is deprecated setup.py egg_info --egg-base ../build/rotation_visualization build --build-base /home/klingjac/AERO740/rotation_visualization_ws/build/rotation_visualization/build install --record /home/klingjac/AERO740/rotation_visualization_ws/build/rotation_visualization/install.log --single-version-externally-managed install_data
